2023-03-23 08:45:04,734 - __main__ - INFO - File Module 2 Function 1 - Question Answ.txt uploaded successfully
2023-03-23 08:45:17,381 - __main__ - INFO - File Module Question Answ.txt uploaded successfully
2023-03-23 08:45:33,855 - __main__ - INFO - File the manor d'anneville.txt uploaded successfully
2023-03-23 20:20:09,287 - __main__ - INFO - File sintesi fascinazione ipnotica 1.txt uploaded successfully
2023-03-23 20:21:06,963 - __main__ - INFO - File LIBRO-fascinazione-REVISIONATO-da-Alessandro-D-Agostini.txt uploaded successfully
2023-03-27 10:06:12,559 - __main__ - INFO - File alchimia-definitivo- confrontare.txt uploaded successfully
2023-03-27 10:34:47,147 - __main__ - INFO - File BibbiaQuantumCoaching.txt uploaded successfully
2023-03-27 10:34:54,797 - __main__ - INFO - File cavalleria.txt uploaded successfully
2023-03-27 10:35:06,662 - __main__ - INFO - File Chiavi e Simboli del Mesmerismus.txt uploaded successfully
2023-03-27 10:35:06,668 - __main__ - INFO - File Coaching - Testo tradotto completo.txt uploaded successfully
2023-03-27 10:35:06,670 - __main__ - INFO - File Divenire Professionista.txt uploaded successfully
2023-03-27 10:35:06,670 - __main__ - INFO - File Ginnastica respiratoria 18 03 2013.txt uploaded successfully
2023-03-27 10:35:06,672 - __main__ - INFO - File hermetic symbolism.txt uploaded successfully
2023-03-27 10:35:06,673 - __main__ - INFO - File hypnotic trading definitivo.txt uploaded successfully
2023-03-27 10:35:06,674 - __main__ - INFO - File Il_potere_segreto_del_Graal.txt uploaded successfully
2023-03-27 10:35:06,675 - __main__ - INFO - File JamesEsdailerev.txt uploaded successfully
2023-03-27 10:35:06,677 - __main__ - INFO - File L'arte della memoria.txt uploaded successfully
2023-03-27 10:35:06,679 - __main__ - INFO - File LIVRET 1 Magnétisme Marco Paret.txt uploaded successfully
2023-03-27 10:35:06,679 - __main__ - INFO - File manuale quantistico (Paret).txt uploaded successfully
2023-03-27 10:35:06,680 - __main__ - INFO - File Quantum PSI_P_stamp.txt uploaded successfully
2023-03-27 10:35:06,681 - __main__ - INFO - File RevHISTORY OF HYPNOTISM version 2.txt uploaded successfully
2023-03-27 10:35:06,682 - __main__ - INFO - File Scienza e pratica dell'Ipnosi - new formatted.txt uploaded successfully
2023-03-27 10:35:06,683 - __main__ - INFO - File Senza nome 1.txt uploaded successfully
2023-03-27 10:35:06,684 - __main__ - INFO - File tradizioni esoteriche e presenza.txt uploaded successfully
2023-03-27 10:35:06,686 - __main__ - INFO - File Ultima versione - controllo del peso Laura e Marco.txt uploaded successfully
2023-03-27 19:02:48,844 - __main__ - INFO - File 5b - Virgilio some steps to do gaze hypnosis.txt uploaded successfully
2023-03-27 19:02:48,845 - __main__ - INFO - File 5cdonatoandphysiology.txt uploaded successfully
2023-03-27 19:02:48,845 - __main__ - INFO - File 5d  secret physiology of fascination.txt uploaded successfully
2023-03-27 19:02:48,846 - __main__ - INFO - File 5e seven powerful types of hypnotic gaze.txt uploaded successfully
2023-03-27 19:02:48,846 - __main__ - INFO - File 5f why is the hypnotic gaze induction different.txt uploaded successfully
2023-03-27 19:02:48,847 - __main__ - INFO - File 008_149229164-Gruppo-di-Ur-Introduzione-alla-Magia-Vol-2-pdf (1).rtf.txt uploaded successfully
2023-03-27 19:02:48,848 - __main__ - INFO - File 014_149201780-Gruppo-di-Ur-3 Introduzione-alla-Magia-Vol-3-pdf (1).txt uploaded successfully
2023-03-27 19:02:48,849 - __main__ - INFO - File 090_dark side OCR.txt uploaded successfully
2023-03-27 19:02:48,849 - __main__ - INFO - File 104_PDFsam_revuejournal psycho physiologie.docx.txt uploaded successfully
2023-03-27 19:02:48,850 - __main__ - INFO - File ALCHEMICAL MIRROR PATH doc.txt uploaded successfully
2023-03-27 19:02:48,850 - __main__ - INFO - File altreideesguardo.txt uploaded successfully
2023-03-27 19:02:48,850 - __main__ - INFO - File articolo ispiratori senza B.txt uploaded successfully
2023-03-27 19:02:48,851 - __main__ - INFO - File ArticoloIspiratori sin b -portuguesetranslation - mestres do magnetismo.txt uploaded successfully
2023-03-27 19:02:48,851 - __main__ - INFO - File breveenciclopedia.txt uploaded successfully
2023-03-27 19:02:48,852 - __main__ - INFO - File breveenciclopedia_versione-finale.txt uploaded successfully
2023-03-27 19:02:48,852 - __main__ - INFO - File codici-base.txt uploaded successfully
2023-03-27 19:02:48,853 - __main__ - INFO - File Cours de fascination word 97.doc.txt uploaded successfully
2023-03-27 19:02:48,853 - __main__ - INFO - File Easy Guide to NLP and NLP3.txt uploaded successfully
2023-03-27 19:02:48,853 - __main__ - INFO - File faq mesmerismus-fascination.txt uploaded successfully
2023-03-27 19:02:48,854 - __main__ - INFO - File fascinacion en espaniol completo.doc.txt uploaded successfully
2023-03-27 19:02:48,855 - __main__ - INFO - File Fascination and ecstasy Part 1.txt uploaded successfully
2023-03-27 19:02:48,855 - __main__ - INFO - File Fascination expérimentale et perte de l ego - version 3 + nos exercises + polyvagale au fond.txt uploaded successfully
2023-03-27 19:02:48,856 - __main__ - INFO - File file-con parti a partire da sintonia magnetica.txt uploaded successfully
2023-03-27 19:02:48,856 - __main__ - INFO - File Heilmagnetismus deutsch.txt uploaded successfully
2023-03-27 19:02:48,856 - __main__ - INFO - File hindu-hypnotism.txt uploaded successfully
2023-03-27 19:02:48,857 - __main__ - INFO - File hypnotic techniques of fascination ok por-PT.txt uploaded successfully
2023-03-27 19:02:48,857 - __main__ - INFO - File ideas.txt uploaded successfully
2023-03-27 19:02:48,857 - __main__ - INFO - File IL SEGRETO DEL SUCCESSO.txt uploaded successfully
2023-03-27 19:02:48,858 - __main__ - INFO - File ipnosi e sessualità.txt uploaded successfully
2023-03-27 19:02:48,858 - __main__ - INFO - File ISI-trainer-coach.txt uploaded successfully
2023-03-27 19:02:48,858 - __main__ - INFO - File La Strada per l'essere.docx.txt uploaded successfully
2023-03-27 19:02:48,859 - __main__ - INFO - File Le Leggi per comunicare con il proprio inconscio.txt uploaded successfully
2023-03-27 19:02:48,859 - __main__ - INFO - File Les Sept Chambres de Perfectionnement.txt uploaded successfully
2023-03-27 19:02:48,860 - __main__ - INFO - File Livre Marco Paret Fini 2017.txt uploaded successfully
2023-03-27 19:02:48,861 - __main__ - INFO - File Magnetism and energetic Ascent.txt uploaded successfully
2023-03-27 19:02:48,861 - __main__ - INFO - File Magnétisme et Kundalini - Marco.txt uploaded successfully
2023-03-27 19:02:48,861 - __main__ - INFO - File Magnetismo Hipnotismo Sugestion definitivo.txt uploaded successfully
2023-03-27 19:02:48,862 - __main__ - INFO - File Mesmer history.txt uploaded successfully
2023-03-27 19:02:48,862 - __main__ - INFO - File Mesmerismus Fascination et Presence.txt uploaded successfully
2023-03-27 19:02:48,862 - __main__ - INFO - File mesmerismus newnewnew2.txt uploaded successfully
2023-03-27 19:02:48,863 - __main__ - INFO - File Mesmerismus_rus.txt uploaded successfully
2023-03-27 19:02:48,863 - __main__ - INFO - File nuovo libro intero-made-k-9 settembre.txt uploaded successfully
2023-03-27 19:02:48,864 - __main__ - INFO - File PNL3 - 2010.txt uploaded successfully
2023-03-27 19:02:48,864 - __main__ - INFO - File poles-methods.txt uploaded successfully
2023-03-27 19:02:48,864 - __main__ - INFO - File quantistic language.txt uploaded successfully
2023-03-27 19:02:48,865 - __main__ - INFO - File QUANTUM MAGIC.txt uploaded successfully
2023-03-27 19:02:48,865 - __main__ - INFO - File Sans nom 1.txt uploaded successfully
2023-03-27 19:02:48,866 - __main__ - INFO - File statodiforza.txt uploaded successfully
2023-03-27 19:02:48,866 - __main__ - INFO - File TRADUÇÃO LIVRO REFORMATADO prime 20 pagine.txt uploaded successfully
2023-03-27 19:02:48,867 - __main__ - INFO - File Training_Manual_2013[16795] - Copie - Copie.doc.txt uploaded successfully
2023-03-27 19:02:48,867 - __main__ - INFO - File What is fascination.txt uploaded successfully
2023-03-27 19:02:48,867 - __main__ - INFO - File Who would not like to prove attractive and to fascinate.txt uploaded successfully
